14:00:02 **** Incremental Build of configuration Debug for project scratchcpp ****
make all 
Building file: ../scratch.cpp
Invoking: Cross G++ Compiler
g++ -O0 -g3 -Wall -c -fmessage-length=0 -MMD -MP -MF"scratch.d" -MT"scratch.o" -o "scratch.o" "../scratch.cpp"
Finished building: ../scratch.cpp
 
Building target: scratchcpp
Invoking: Cross G++ Linker
g++  -o "scratchcpp"  ./scratch.o   
Undefined symbols for architecture x86_64:
  "_main", referenced from:
     implicit entry/start for main executable
ld: symbol(s) not found for architecture x86_64
clang: error: linker command failed with exit code 1 (use -v to see invocation)
make: *** [scratchcpp] Error 1
"make all" terminated with exit code 2. Build might be incomplete.

14:00:02 Build Failed. 2 errors, 0 warnings. (took 217ms)

