18:06:26 **** Build of configuration Debug for project scratch ****
make all 
Building file: ../src/scratch.c
Invoking: Cross GCC Compiler
gcc -O0 -g3 -Wall -c -fmessage-length=0 -MMD -MP -MF"src/scratch.d" -MT"src/scratch.o" -o "src/scratch.o" "../src/scratch.c"
../src/scratch.c:13:10: fatal error: 'iostream' file not found
#include <iostream>
         ^~~~~~~~~~
1 error generated.
make: *** [src/scratch.o] Error 1
"make all" terminated with exit code 2. Build might be incomplete.

18:06:27 Build Failed. 2 errors, 0 warnings. (took 230ms)

