15:56:39 **** Incremental Build of configuration Debug for project tst ****
make all 
Building target: tst
Invoking: Cross G++ Linker
g++  -o "tst"  ./tst.o   
Undefined symbols for architecture x86_64:
  "_main", referenced from:
     implicit entry/start for main executable
ld: symbol(s) not found for architecture x86_64
clang: error: linker command failed with exit code 1 (use -v to see invocation)
make: *** [tst] Error 1
"make all" terminated with exit code 2. Build might be incomplete.

15:56:39 Build Failed. 2 errors, 0 warnings. (took 170ms)

